Compiling the CXX compiler identification source file "CMakeCXXCompilerId.cpp" failed.
Compiler: /opt/iarsystems/bxarm-8.50.9/arm/bin/iccarm --cpu;Cortex-M4;--fpu;VFPv4_sp;--dlib_config;normal
Build flags: 
Id flags:  

The output was:
2

   IAR ANSI C/C++ Compiler V8.50.9.278/LNX for ARM
   Copyright 1999-2020 IAR Systems AB.
   Network license: ananke.parasoft.com.pl (STD)

  # error "A C compiler has been selected for C++."
    ^
"/workspaces/webinar-demo-bxarm/build/CMakeFiles/3.16.3/CompilerIdCXX/CMakeCXXCompilerId.cpp",5  Fatal error[Pe035]: 
          #error directive: "A C compiler has been selected for C++."
Fatal error detected, aborting.

Errors: 1
Warnings: none


Compiling the CXX compiler identification source file "CMakeCXXCompilerId.cpp" failed.
Compiler: /opt/iarsystems/bxarm-8.50.9/arm/bin/iccarm --cpu;Cortex-M4;--fpu;VFPv4_sp;--dlib_config;normal
Build flags: 
Id flags: -c 

The output was:
2

   IAR ANSI C/C++ Compiler V8.50.9.278/LNX for ARM
   Copyright 1999-2020 IAR Systems AB.
   Network license: ananke.parasoft.com.pl (STD)

  # error "A C compiler has been selected for C++."
    ^
"/workspaces/webinar-demo-bxarm/build/CMakeFiles/3.16.3/CompilerIdCXX/CMakeCXXCompilerId.cpp",5  Fatal error[Pe035]: 
          #error directive: "A C compiler has been selected for C++."
Fatal error detected, aborting.

Errors: 1
Warnings: none


Checking whether the ASM compiler is GNU using "--version" did not match "(GNU assembler)|(GCC)|(Free Software Foundation)":
IAR Assembler V8.50.9.278/UNX for ARM
Checking whether the ASM compiler is Clang using "--version" did not match "(clang version)":
IAR Assembler V8.50.9.278/UNX for ARM
Checking whether the ASM compiler is AppleClang using "--version" did not match "(Apple LLVM version)":
IAR Assembler V8.50.9.278/UNX for ARM
Checking whether the ASM compiler is ARMClang using "--version" did not match "armclang":
IAR Assembler V8.50.9.278/UNX for ARM
Checking whether the ASM compiler is HP using "-V" did not match "HP C":

Error in command line option '-V': No such option
Checking whether the ASM compiler is Intel using "--version" did not match "(ICC)":
IAR Assembler V8.50.9.278/UNX for ARM
Checking whether the ASM compiler is SunPro using "-V" did not match "Sun C":

Error in command line option '-V': No such option
Checking whether the ASM compiler is XL using "-qversion" did not match "XL C":

Error in command line option '-qversion': No such option
Checking whether the ASM compiler is MSVC using "-?" did not match "Microsoft":

Error in command line option '-?': No such option
Checking whether the ASM compiler is TI using "-h" did not match "Texas Instruments":

Error in command line option '-h': No such option
