The target system is: Generic -  - 
The host system is: Linux - 4.18.0-240.1.1.el8_3.x86_64 - x86_64
Compiling the C compiler identification source file "CMakeCCompilerId.c" succeeded.
Compiler: /opt/iarsystems/bxarm-8.50.9/arm/bin/iccarm --cpu;Cortex-M4;--fpu;VFPv4_sp;--dlib_config;normal
Build flags: 
Id flags:  

The output was:
0

   IAR ANSI C/C++ Compiler V8.50.9.278/LNX for ARM
   Copyright 1999-2020 IAR Systems AB.
   Network license: ananke.parasoft.com.pl (STD)
 
  72 bytes of CODE  memory
 176 bytes of CONST memory
  16 bytes of DATA  memory

Errors: none
Warnings: none


Compilation of the C compiler identification source "CMakeCCompilerId.c" produced "CMakeCCompilerId.o"

The C compiler identification is IAR, found in "/workspaces/webinar-demo-bxarm/build/CMakeFiles/3.16.3/CompilerIdC/CMakeCCompilerId.o"

Compiling the CXX compiler identification source file "CMakeCXXCompilerId.cpp" succeeded.
Compiler: /opt/iarsystems/bxarm-8.50.9/arm/bin/iccarm --cpu;Cortex-M4;--fpu;VFPv4_sp;--dlib_config;normal
Build flags: 
Id flags: --c++ 

The output was:
0

   IAR ANSI C/C++ Compiler V8.50.9.278/LNX for ARM
   Copyright 1999-2020 IAR Systems AB.
   Network license: ananke.parasoft.com.pl (STD)
 
  60 bytes of CODE  memory
 176 bytes of CONST memory
  16 bytes of DATA  memory

Errors: none
Warnings: none


Compilation of the CXX compiler identification source "CMakeCXXCompilerId.cpp" produced "CMakeCXXCompilerId.o"

The CXX compiler identification is IAR, found in "/workspaces/webinar-demo-bxarm/build/CMakeFiles/3.16.3/CompilerIdCXX/CMakeCXXCompilerId.o"

Determining if the C compiler works passed with the following output:
Change Dir: /workspaces/webinar-demo-bxarm/build/CMakeFiles/CMakeTmp

Run Build Command(s):/usr/bin/make cmTC_5a310/fast && /usr/bin/make -f CMakeFiles/cmTC_5a310.dir/build.make CMakeFiles/cmTC_5a310.dir/build
make[1]: Entering directory '/workspaces/webinar-demo-bxarm/build/CMakeFiles/CMakeTmp'
Building C object CMakeFiles/cmTC_5a310.dir/testCCompiler.c.obj
/opt/iarsystems/bxarm-8.50.9/arm/bin/iccarm --cpu Cortex-M4 --fpu VFPv4_sp --dlib_config normal  --silent /workspaces/webinar-demo-bxarm/build/CMakeFiles/CMakeTmp/testCCompiler.c   -e -o CMakeFiles/cmTC_5a310.dir/testCCompiler.c.obj
Linking C executable cmTC_5a310.elf
/usr/bin/cmake -E cmake_link_script CMakeFiles/cmTC_5a310.dir/link.txt --verbose=1
"/opt/iarsystems/bxarm-8.50.9/arm/bin/ilinkarm" --silent CMakeFiles/cmTC_5a310.dir/testCCompiler.c.obj     -o cmTC_5a310.elf
make[1]: Leaving directory '/workspaces/webinar-demo-bxarm/build/CMakeFiles/CMakeTmp'



Detecting C compiler ABI info compiled with the following output:
Change Dir: /workspaces/webinar-demo-bxarm/build/CMakeFiles/CMakeTmp

Run Build Command(s):/usr/bin/make cmTC_66d8a/fast && /usr/bin/make -f CMakeFiles/cmTC_66d8a.dir/build.make CMakeFiles/cmTC_66d8a.dir/build
make[1]: Entering directory '/workspaces/webinar-demo-bxarm/build/CMakeFiles/CMakeTmp'
Building C object CMakeFiles/cmTC_66d8a.dir/CMakeCCompilerABI.c.obj
/opt/iarsystems/bxarm-8.50.9/arm/bin/iccarm --cpu Cortex-M4 --fpu VFPv4_sp --dlib_config normal  --silent /usr/share/cmake-3.16/Modules/CMakeCCompilerABI.c   -e -o CMakeFiles/cmTC_66d8a.dir/CMakeCCompilerABI.c.obj
Linking C executable cmTC_66d8a.elf
/usr/bin/cmake -E cmake_link_script CMakeFiles/cmTC_66d8a.dir/link.txt --verbose=1
"/opt/iarsystems/bxarm-8.50.9/arm/bin/ilinkarm" --silent CMakeFiles/cmTC_66d8a.dir/CMakeCCompilerABI.c.obj     -o cmTC_66d8a.elf
make[1]: Leaving directory '/workspaces/webinar-demo-bxarm/build/CMakeFiles/CMakeTmp'





Detecting C [] compiler features compiled with the following output:
Change Dir: /workspaces/webinar-demo-bxarm/build/CMakeFiles/CMakeTmp

Run Build Command(s):/usr/bin/make cmTC_5c8b2/fast && /usr/bin/make -f CMakeFiles/cmTC_5c8b2.dir/build.make CMakeFiles/cmTC_5c8b2.dir/build
make[1]: Entering directory '/workspaces/webinar-demo-bxarm/build/CMakeFiles/CMakeTmp'
Building C object CMakeFiles/cmTC_5c8b2.dir/feature_tests.c.obj
/opt/iarsystems/bxarm-8.50.9/arm/bin/iccarm --cpu Cortex-M4 --fpu VFPv4_sp --dlib_config normal  --silent /workspaces/webinar-demo-bxarm/build/CMakeFiles/feature_tests.c   -e -o CMakeFiles/cmTC_5c8b2.dir/feature_tests.c.obj
Linking C executable cmTC_5c8b2.elf
/usr/bin/cmake -E cmake_link_script CMakeFiles/cmTC_5c8b2.dir/link.txt --verbose=1
"/opt/iarsystems/bxarm-8.50.9/arm/bin/ilinkarm" --silent CMakeFiles/cmTC_5c8b2.dir/feature_tests.c.obj     -o cmTC_5c8b2.elf
make[1]: Leaving directory '/workspaces/webinar-demo-bxarm/build/CMakeFiles/CMakeTmp'





Detecting C [] compiler features compiled with the following output:
Change Dir: /workspaces/webinar-demo-bxarm/build/CMakeFiles/CMakeTmp

Run Build Command(s):/usr/bin/make cmTC_8660c/fast && /usr/bin/make -f CMakeFiles/cmTC_8660c.dir/build.make CMakeFiles/cmTC_8660c.dir/build
make[1]: Entering directory '/workspaces/webinar-demo-bxarm/build/CMakeFiles/CMakeTmp'
Building C object CMakeFiles/cmTC_8660c.dir/feature_tests.c.obj
/opt/iarsystems/bxarm-8.50.9/arm/bin/iccarm --cpu Cortex-M4 --fpu VFPv4_sp --dlib_config normal  --silent /workspaces/webinar-demo-bxarm/build/CMakeFiles/feature_tests.c   -e -o CMakeFiles/cmTC_8660c.dir/feature_tests.c.obj
Linking C executable cmTC_8660c.elf
/usr/bin/cmake -E cmake_link_script CMakeFiles/cmTC_8660c.dir/link.txt --verbose=1
"/opt/iarsystems/bxarm-8.50.9/arm/bin/ilinkarm" --silent CMakeFiles/cmTC_8660c.dir/feature_tests.c.obj     -o cmTC_8660c.elf
make[1]: Leaving directory '/workspaces/webinar-demo-bxarm/build/CMakeFiles/CMakeTmp'





Detecting C [--c89] compiler features compiled with the following output:
Change Dir: /workspaces/webinar-demo-bxarm/build/CMakeFiles/CMakeTmp

Run Build Command(s):/usr/bin/make cmTC_3f036/fast && /usr/bin/make -f CMakeFiles/cmTC_3f036.dir/build.make CMakeFiles/cmTC_3f036.dir/build
make[1]: Entering directory '/workspaces/webinar-demo-bxarm/build/CMakeFiles/CMakeTmp'
Building C object CMakeFiles/cmTC_3f036.dir/feature_tests.c.obj
/opt/iarsystems/bxarm-8.50.9/arm/bin/iccarm --cpu Cortex-M4 --fpu VFPv4_sp --dlib_config normal  --silent /workspaces/webinar-demo-bxarm/build/CMakeFiles/feature_tests.c   --c89 -e -o CMakeFiles/cmTC_3f036.dir/feature_tests.c.obj
Linking C executable cmTC_3f036.elf
/usr/bin/cmake -E cmake_link_script CMakeFiles/cmTC_3f036.dir/link.txt --verbose=1
"/opt/iarsystems/bxarm-8.50.9/arm/bin/ilinkarm" --silent CMakeFiles/cmTC_3f036.dir/feature_tests.c.obj     -o cmTC_3f036.elf
make[1]: Leaving directory '/workspaces/webinar-demo-bxarm/build/CMakeFiles/CMakeTmp'



Determining if the CXX compiler works passed with the following output:
Change Dir: /workspaces/webinar-demo-bxarm/build/CMakeFiles/CMakeTmp

Run Build Command(s):/usr/bin/make cmTC_39f48/fast && /usr/bin/make -f CMakeFiles/cmTC_39f48.dir/build.make CMakeFiles/cmTC_39f48.dir/build
make[1]: Entering directory '/workspaces/webinar-demo-bxarm/build/CMakeFiles/CMakeTmp'
Building CXX object CMakeFiles/cmTC_39f48.dir/testCXXCompiler.cxx.obj
/opt/iarsystems/bxarm-8.50.9/arm/bin/iccarm --cpu Cortex-M4 --fpu VFPv4_sp --dlib_config normal --c++ --silent /workspaces/webinar-demo-bxarm/build/CMakeFiles/CMakeTmp/testCXXCompiler.cxx   -e -o CMakeFiles/cmTC_39f48.dir/testCXXCompiler.cxx.obj
Linking CXX executable cmTC_39f48.elf
/usr/bin/cmake -E cmake_link_script CMakeFiles/cmTC_39f48.dir/link.txt --verbose=1
"/opt/iarsystems/bxarm-8.50.9/arm/bin/ilinkarm" --silent CMakeFiles/cmTC_39f48.dir/testCXXCompiler.cxx.obj     -o cmTC_39f48.elf
make[1]: Leaving directory '/workspaces/webinar-demo-bxarm/build/CMakeFiles/CMakeTmp'



Detecting CXX compiler ABI info compiled with the following output:
Change Dir: /workspaces/webinar-demo-bxarm/build/CMakeFiles/CMakeTmp

Run Build Command(s):/usr/bin/make cmTC_b2fda/fast && /usr/bin/make -f CMakeFiles/cmTC_b2fda.dir/build.make CMakeFiles/cmTC_b2fda.dir/build
make[1]: Entering directory '/workspaces/webinar-demo-bxarm/build/CMakeFiles/CMakeTmp'
Building CXX object CMakeFiles/cmTC_b2fda.dir/CMakeCXXCompilerABI.cpp.obj
/opt/iarsystems/bxarm-8.50.9/arm/bin/iccarm --cpu Cortex-M4 --fpu VFPv4_sp --dlib_config normal --c++ --silent /usr/share/cmake-3.16/Modules/CMakeCXXCompilerABI.cpp   -e -o CMakeFiles/cmTC_b2fda.dir/CMakeCXXCompilerABI.cpp.obj
Linking CXX executable cmTC_b2fda.elf
/usr/bin/cmake -E cmake_link_script CMakeFiles/cmTC_b2fda.dir/link.txt --verbose=1
"/opt/iarsystems/bxarm-8.50.9/arm/bin/ilinkarm" --silent CMakeFiles/cmTC_b2fda.dir/CMakeCXXCompilerABI.cpp.obj     -o cmTC_b2fda.elf
make[1]: Leaving directory '/workspaces/webinar-demo-bxarm/build/CMakeFiles/CMakeTmp'





Detecting CXX [] compiler features compiled with the following output:
Change Dir: /workspaces/webinar-demo-bxarm/build/CMakeFiles/CMakeTmp

Run Build Command(s):/usr/bin/make cmTC_fca5c/fast && /usr/bin/make -f CMakeFiles/cmTC_fca5c.dir/build.make CMakeFiles/cmTC_fca5c.dir/build
make[1]: Entering directory '/workspaces/webinar-demo-bxarm/build/CMakeFiles/CMakeTmp'
Building CXX object CMakeFiles/cmTC_fca5c.dir/feature_tests.cxx.obj
/opt/iarsystems/bxarm-8.50.9/arm/bin/iccarm --cpu Cortex-M4 --fpu VFPv4_sp --dlib_config normal --c++ --silent /workspaces/webinar-demo-bxarm/build/CMakeFiles/feature_tests.cxx   -e -o CMakeFiles/cmTC_fca5c.dir/feature_tests.cxx.obj
Linking CXX executable cmTC_fca5c.elf
/usr/bin/cmake -E cmake_link_script CMakeFiles/cmTC_fca5c.dir/link.txt --verbose=1
"/opt/iarsystems/bxarm-8.50.9/arm/bin/ilinkarm" --silent CMakeFiles/cmTC_fca5c.dir/feature_tests.cxx.obj     -o cmTC_fca5c.elf
make[1]: Leaving directory '/workspaces/webinar-demo-bxarm/build/CMakeFiles/CMakeTmp'





Detecting CXX [] compiler features compiled with the following output:
Change Dir: /workspaces/webinar-demo-bxarm/build/CMakeFiles/CMakeTmp

Run Build Command(s):/usr/bin/make cmTC_996bd/fast && /usr/bin/make -f CMakeFiles/cmTC_996bd.dir/build.make CMakeFiles/cmTC_996bd.dir/build
make[1]: Entering directory '/workspaces/webinar-demo-bxarm/build/CMakeFiles/CMakeTmp'
Building CXX object CMakeFiles/cmTC_996bd.dir/feature_tests.cxx.obj
/opt/iarsystems/bxarm-8.50.9/arm/bin/iccarm --cpu Cortex-M4 --fpu VFPv4_sp --dlib_config normal --c++ --silent /workspaces/webinar-demo-bxarm/build/CMakeFiles/feature_tests.cxx   -e -o CMakeFiles/cmTC_996bd.dir/feature_tests.cxx.obj
Linking CXX executable cmTC_996bd.elf
/usr/bin/cmake -E cmake_link_script CMakeFiles/cmTC_996bd.dir/link.txt --verbose=1
"/opt/iarsystems/bxarm-8.50.9/arm/bin/ilinkarm" --silent CMakeFiles/cmTC_996bd.dir/feature_tests.cxx.obj     -o cmTC_996bd.elf
make[1]: Leaving directory '/workspaces/webinar-demo-bxarm/build/CMakeFiles/CMakeTmp'





Detecting CXX [] compiler features compiled with the following output:
Change Dir: /workspaces/webinar-demo-bxarm/build/CMakeFiles/CMakeTmp

Run Build Command(s):/usr/bin/make cmTC_21b4d/fast && /usr/bin/make -f CMakeFiles/cmTC_21b4d.dir/build.make CMakeFiles/cmTC_21b4d.dir/build
make[1]: Entering directory '/workspaces/webinar-demo-bxarm/build/CMakeFiles/CMakeTmp'
Building CXX object CMakeFiles/cmTC_21b4d.dir/feature_tests.cxx.obj
/opt/iarsystems/bxarm-8.50.9/arm/bin/iccarm --cpu Cortex-M4 --fpu VFPv4_sp --dlib_config normal --c++ --silent /workspaces/webinar-demo-bxarm/build/CMakeFiles/feature_tests.cxx   -e -o CMakeFiles/cmTC_21b4d.dir/feature_tests.cxx.obj
Linking CXX executable cmTC_21b4d.elf
/usr/bin/cmake -E cmake_link_script CMakeFiles/cmTC_21b4d.dir/link.txt --verbose=1
"/opt/iarsystems/bxarm-8.50.9/arm/bin/ilinkarm" --silent CMakeFiles/cmTC_21b4d.dir/feature_tests.cxx.obj     -o cmTC_21b4d.elf
make[1]: Leaving directory '/workspaces/webinar-demo-bxarm/build/CMakeFiles/CMakeTmp'



Checking whether the ASM compiler is IAR using "" matched "IAR Assembler":

    IAR Assembler V8.50.9.278/UNX for ARM
    Copyright 1999-2020 IAR Systems AB.

Usage:        iasmarm {<options>} <sourcefile> {<options>}
Sourcefile:   source file with default extension: .msa, , .asm, or .s

Environment:  IASMARM
Options (specified order is of no importance):
-B            Print debug info for assembler macros
-c{DEAOM}     Listing options
                 D: Disable listing,             E: Disable macro expansion
                 A: List only assembled part     O: List several lines of code
                 M: List Macro definition
-DSYMB        Equivalent to: #define SYMB 1
-DSYMB=xx     Equivalent to: #define SYMB xx
-e            Use big-endian byte order
-Enumber      Allow <number> errors
-f file       Extend command line with <file> <.xcl>
-g            No system include
-G            Open standard input as source
-i            List #included files
-Ipath        Add #include search path
-j            Enable alternative register names, operators and mnemonics
-l file       Generate a list on: <file> <.lst>
-Lpath        Generate a list on: <path> \ <source> <.lst>
-Mab          Change asm.macro argument quote chars,
                  where a is start-of-quote and b is end-of-quote char.
                  default is a == < and b == >.
-N            No header in listing
-o file       Put object  on: <file> <.o>
-Opath        Put object on: <path> \ <source> <.o>
-P file       Pre-include file: <file> <.h>
-pnn          Page listing with 'nn' lines/page (10-150)
-r            Enable debugger output in object
-S            Silent operation of assembler
-s{+|-}       Set case sensitivity for user symbols
                 -s and -s+ enables sensitivity, -s- disables it.
-tn           Set tab spacing between 2 and 9 (default 8)
-USYMB        Equivalent to: #undef SYMB
-ws           To make warnings generate exit code 1
-wstring      Disable warnings
                 string: <+|-,><+|-range><,+|-range>...
                 range: low_warning_nr<-high_warning_nr>
                 example: -w turns all warnings off
                          -w-,+10-12,+20 turns all but 10,11,12 and 20 off

-x{DI2}       Generate cross-reference list
                 D: Show all #defines, I: Show Internal table
                 2: Dual line space listing
--aarch64     Generate code for AArch64, same as --cpu_mode A64

--abi {lp64|ilp32}
              Specify ABI for AArch64: ilp32 or lp64.
--arm         Generate code in arm mode, same as --cpu_mode arm

--cmse
              Target secure mode in CMSE (ARMv8-M security extensions)
--cpu core    Specify target core
                 Valid options are core names such as Cortex-M3
                 and architecture names such as 7M
                 Default is Cortex-M3
--cpu_mode {arm|a|thumb|t}
              Select default mode for CODE directive, ARM is default

--endian {little|l|big|b}
              Specify target byte order
--fpu {VFPv1|VFPv2|VFPv3{_D16}{_FP16}|VFP9-S|none}
              Specify target FPU coprocessor support
                 Default is none, which selects the software
                 floating-point library.
--legacy {legacyOption}
              Generate object files compatible with
              older toolchains. Valid options are:
              RVCT3.0
--no_dwarf3_cfi
              Suppress Dwarf 3 Call Frame Information instructions
--no_it_verification
              Do not verify that the instructions following
              an IT instruction has the correct condition set

--no_literal_pool
              Use MOV32 for LDR Rd,=expr (requires ARMv7-M)
--no_path_in_file_macros 
              Strip path from __FILE__ macros
--source_encoding {locale|utf8}
Encoding to use for source files with no BOM
--suppress_vfe_header
              Do not generate VFE header info

--system_include_directory <path>
              Set system header directory
--thumb       Generate code in thumb mode, same as --cpu_mode thumb

--version     Output version info and exit
